
  .   ____          _            __ _ _
 /\\ / ___'_ __ _ _(_)_ __  __ _ \ \ \ \
( ( )\___ | '_ | '_| | '_ \/ _` | \ \ \ \
 \\/  ___)| |_)| | | | | || (_| |  ) ) ) )
  '  |____| .__|_| |_|_| |_\__, | / / / /
 =========|_|==============|___/=/_/_/_/

 :: Spring Boot ::                (v3.3.5)

2024-12-11T14:04:21.942+07:00  INFO 234404 --- [learn_jenkins] [           main] c.j.l.LearnJenkinsApplication            : Starting LearnJenkinsApplication v0.0.1 using Java 17.0.11 with PID 234404 (/home/john/it/itdp/learn_jenkins/target/learn_jenkins-0.0.1.jar started by john in /home/john/it/itdp/learn_jenkins)
2024-12-11T14:04:21.944+07:00  INFO 234404 --- [learn_jenkins] [           main] c.j.l.LearnJenkinsApplication            : No active profile set, falling back to 1 default profile: "default"
2024-12-11T14:04:22.682+07:00  INFO 234404 --- [learn_jenkins] [           main] o.s.b.w.embedded.tomcat.TomcatWebServer  : Tomcat initialized with port 8019 (http)
2024-12-11T14:04:22.693+07:00  INFO 234404 --- [learn_jenkins] [           main] o.apache.catalina.core.StandardService   : Starting service [Tomcat]
2024-12-11T14:04:22.693+07:00  INFO 234404 --- [learn_jenkins] [           main] o.apache.catalina.core.StandardEngine    : Starting Servlet engine: [Apache Tomcat/10.1.31]
2024-12-11T14:04:22.720+07:00  INFO 234404 --- [learn_jenkins] [           main] o.a.c.c.C.[Tomcat].[localhost].[/]       : Initializing Spring embedded WebApplicationContext
2024-12-11T14:04:22.721+07:00  INFO 234404 --- [learn_jenkins] [           main] w.s.c.ServletWebServerApplicationContext : Root WebApplicationContext: initialization completed in 738 ms
2024-12-11T14:04:23.059+07:00  INFO 234404 --- [learn_jenkins] [           main] o.s.b.w.embedded.tomcat.TomcatWebServer  : Tomcat started on port 8019 (http) with context path '/'
2024-12-11T14:04:23.073+07:00  INFO 234404 --- [learn_jenkins] [           main] c.j.l.LearnJenkinsApplication            : Started LearnJenkinsApplication in 1.472 seconds (process running for 1.82)
2024-12-11T14:04:33.003+07:00  INFO 234404 --- [learn_jenkins] [nio-8019-exec-1] o.apache.tomcat.util.http.parser.Cookie  : A cookie header was received [g_state={"i_l":0,"i_t":1731469680064}] that contained an invalid cookie. That cookie will be ignored.
 Note: further occurrences of this error will be logged at DEBUG level.
2024-12-11T14:04:33.006+07:00  INFO 234404 --- [learn_jenkins] [nio-8019-exec-1] o.a.c.c.C.[Tomcat].[localhost].[/]       : Initializing Spring DispatcherServlet 'dispatcherServlet'
2024-12-11T14:04:33.006+07:00  INFO 234404 --- [learn_jenkins] [nio-8019-exec-1] o.s.web.servlet.DispatcherServlet        : Initializing Servlet 'dispatcherServlet'
2024-12-11T14:04:33.007+07:00  INFO 234404 --- [learn_jenkins] [nio-8019-exec-1] o.s.web.servlet.DispatcherServlet        : Completed initialization in 1 ms
